<?xml version="1.0" encoding="UTF-8"?>
<testng-results skipped="0" failed="0" total="1" passed="1">
  <reporter-output>
  </reporter-output>
  <suite name="Default suite" duration-ms="96462" started-at="2018-08-06T12:25:46Z" finished-at="2018-08-06T12:27:22Z">
    <groups>
    </groups>
    <test name="Default test" duration-ms="96462" started-at="2018-08-06T12:25:46Z" finished-at="2018-08-06T12:27:22Z">
      <class name="com.example.test.NisumTest">
        <test-method status="PASS" signature="Master()[pri:0, instance:com.example.test.NisumTest@4cf777e8]" name="Master" is-config="true" duration-ms="17870" started-at="2018-08-06T17:55:46Z" finished-at="2018-08-06T17:56:03Z">
          <reporter-output>
          </reporter-output>
        </test-method> <!-- Master -->
        <test-method status="PASS" signature="SonomaTest()[pri:0, instance:com.example.test.NisumTest@4cf777e8]" name="SonomaTest" duration-ms="74979" started-at="2018-08-06T17:56:03Z" finished-at="2018-08-06T17:57:18Z">
          <reporter-output>
          </reporter-output>
        </test-method> <!-- SonomaTest -->
        <test-method status="PASS" signature="TestResult(org.testng.ITestResult)[pri:0, instance:com.example.test.NisumTest@4cf777e8]" name="TestResult" is-config="true" duration-ms="3595" started-at="2018-08-06T17:57:18Z" finished-at="2018-08-06T17:57:22Z">
          <params>
            <param index="0">
              <value>
                <![CDATA[[TestResult name=SonomaTest status=SUCCESS method=NisumTest.SonomaTest()[pri:0, instance:com.example.test.NisumTest@4cf777e8] output={null}]]]>
              </value>
            </param>
          </params>
          <reporter-output>
          </reporter-output>
        </test-method> <!-- TestResult -->
      </class> <!-- com.example.test.NisumTest -->
    </test> <!-- Default test -->
  </suite> <!-- Default suite -->
</testng-results>
